<?xml version="1.0" encoding="UTF-8"?>
<!-- Generated by org.testng.reporters.JUnitReportReporter -->
<testsuite skipped="0" hostname="Richas-MacBook-Pro.local" name="com.orangeHR.Page.ReadData" tests="1" failures="0" timestamp="14 Nov 2018 04:36:53 GMT" time="14.946" errors="0">
  <testcase name="LaunchBrowser" time="14.946" classname="com.orangeHR.Page.ReadData"/>
</testsuite> <!-- com.orangeHR.Page.ReadData -->
