<?xml version="1.0" encoding="UTF-8"?>
<!-- Generated by org.testng.reporters.JUnitReportReporter -->
<testsuite skipped="0" hostname="Richas-MacBook-Pro.local" name="Examples.SeleniumTest" tests="1" failures="0" timestamp="18 Nov 2018 01:27:59 GMT" time="3.336" errors="0">
  <testcase name="TestMethod" time="3.336" classname="Examples.SeleniumTest"/>
</testsuite> <!-- Examples.SeleniumTest -->
